
(spec_task
	(label root)
	(subtasks tasksof2_CLONE_1 tasksof3_CLONE_1 tasksof3_CLONE_2)
)
(spec_task
	(label tasksof2)
	(subtasks task1 Method#2)
)
(spec_task
	(label tasksof3)
	(subtasks Method#3)
)
(spec_task
	(label task1)
	(subtasks task2 Method#1)
	(deadline 100)
	(earliest_start_time 0)
)
(spec_task
	(label task2)
	(subtasks Method#1)
	(deadline 100)
	(earliest_start_time 0)
)
(spec_task
	(label tasksof2_CLONE_1)
	(subtasks task1_CLONE_1 Method_GEN_2 Method_GEN_1)
	(deadline 100)
	(earliest_start_time 0)
)
(spec_task
	(label task1_CLONE_1)
	(subtasks task2_CLONE_1 Method_GEN_3)
	(deadline 100)
	(earliest_start_time 0)
)
(spec_task
	(label task2_CLONE_1)
	(subtasks Method_GEN_4)
	(deadline 100)
	(earliest_start_time 0)
)
(spec_method
	(label Method_GEN_2)
	(outcomes
		(Method_GEN_2_o0
			(density 1.0)
			(duration-distribution 3 1.0)
		)
	)
	(reward 4)
	(deadline 8)
	(arival_time 4)
	(release_time 4)
)
(spec_method
	(label Method_GEN_1)
	(outcomes
		(Method_GEN_1_o0
			(density 1.0)
			(duration-distribution 0 1.0)
		)
	)
	(reward 4)
	(deadline 4)
	(arival_time 0)
	(release_time 0)
)
(spec_method
	(label Method_GEN_3)
	(outcomes
		(Method_GEN_3_o0
			(density 1.0)
			(duration-distribution 0 1.0)
		)
	)
	(reward 4)
	(deadline 12)
	(arival_time 8)
	(release_time 8)
)
(spec_method
	(label Method_GEN_4)
	(outcomes
		(Method_GEN_4_o0
			(density 1.0)
			(duration-distribution 0 1.0)
		)
	)
	(reward 1)
	(deadline 15)
	(arival_time 12)
	(release_time 12)
)
(spec_task
	(label tasksof3_CLONE_1)
	(subtasks Method_GEN_7 Method_GEN_6 Method_GEN_5)
	(deadline 7)
	(earliest_start_time 0)
)
(spec_method
	(label Method_GEN_7)
	(outcomes
		(Method_GEN_7_o0
			(density 1.0)
			(duration-distribution 0 1.0)
		)
	)
	(reward 0)
	(deadline 7)
	(arival_time 5)
	(release_time 5)
)
(spec_method
	(label Method_GEN_6)
	(outcomes
		(Method_GEN_6_o0
			(density 1.0)
			(duration-distribution 1 1.0)
		)
	)
	(reward 0)
	(deadline 5)
	(arival_time 3)
	(release_time 3)
)
(spec_method
	(label Method_GEN_5)
	(outcomes
		(Method_GEN_5_o0
			(density 1.0)
			(duration-distribution 0 1.0)
		)
	)
	(reward 4)
	(deadline 3)
	(arival_time 0)
	(release_time 0)
)
(spec_task
	(label tasksof3_CLONE_2)
	(subtasks Method_GEN_10 Method_GEN_9 Method_GEN_8)
	(deadline 15)
	(earliest_start_time 7)
)
(spec_method
	(label Method_GEN_10)
	(outcomes
		(Method_GEN_10_o0
			(density 1.0)
			(duration-distribution 2 1.0)
		)
	)
	(reward 2)
	(deadline 15)
	(arival_time 12)
	(release_time 12)
)
(spec_method
	(label Method_GEN_9)
	(outcomes
		(Method_GEN_9_o0
			(density 1.0)
			(duration-distribution 1 1.0)
		)
	)
	(reward 4)
	(deadline 12)
	(arival_time 10)
	(release_time 10)
)
(spec_method
	(label Method_GEN_8)
	(outcomes
		(Method_GEN_8_o0
			(density 1.0)
			(duration-distribution 2 1.0)
		)
	)
	(reward 4)
	(deadline 10)
	(arival_time 7)
	(release_time 7)
)
